<?xml version="1.0" encoding="UTF-8"?>
<!-- Generated by org.testng.reporters.JUnitReportReporter -->
<testsuite hostname="LAPTOP-AMES4L53" failures="0" tests="1" name="session03.Test_PostMethod" time="2.877" errors="0" timestamp="2024-09-19T13:19:17 IST" skipped="0">
  <testcase classname="session03.Test_PostMethod" name="test03" time="2.877"/>
  <system-out/>
</testsuite> <!-- session03.Test_PostMethod -->
