<?xml version="1.0" encoding="UTF-8"?>
<!-- Generated by org.testng.reporters.JUnitReportReporter -->
<testsuite hostname="LAPTOP-AMES4L53" failures="0" tests="2" name="session03.Test_GetMethod" time="2.368" errors="0" timestamp="2024-09-19T12:05:52 IST" skipped="0">
  <testcase classname="session03.Test_GetMethod" name="test01" time="2.191"/>
  <system-out/>
  <testcase classname="session03.Test_GetMethod" name="test02" time="0.177"/>
  <system-out/>
</testsuite> <!-- session03.Test_GetMethod -->
