<?xml version="1.0" encoding="UTF-8"?>
<!-- Generated by org.testng.reporters.JUnitReportReporter -->
<testsuite hostname="LAPTOP-AMES4L53" failures="0" tests="1" name="session03.Test_PutMethod" time="2.967" errors="0" timestamp="2024-09-19T12:46:06 IST" skipped="0">
  <testcase classname="session03.Test_PutMethod" name="test04" time="2.967"/>
  <system-out/>
</testsuite> <!-- session03.Test_PutMethod -->
