<?xml version="1.0" encoding="UTF-8"?>
<!-- Generated by org.testng.reporters.JUnitReportReporter -->
<testsuite hostname="LAPTOP-AMES4L53" failures="0" tests="1" name="FirstGetRequest" time="1.732" errors="0" timestamp="2024-09-18T18:03:34 IST" skipped="0">
  <testcase classname="FirstGetRequest" name="testcase01" time="1.732"/>
  <system-out/>
</testsuite> <!-- FirstGetRequest -->
