<?xml version="1.0" encoding="UTF-8"?>
<!-- Generated by org.testng.reporters.JUnitReportReporter -->
<testsuite hostname="LAPTOP-AMES4L53" failures="0" tests="1" name="session03.Test_GetMethod_BDD" time="2.774" errors="0" timestamp="2024-09-19T13:17:00 IST" skipped="0">
  <testcase classname="session03.Test_GetMethod_BDD" name="shouldReturnUserList" time="2.774"/>
  <system-out/>
</testsuite> <!-- session03.Test_GetMethod_BDD -->
