<?xml version="1.0" encoding="UTF-8"?>
<!-- Generated by org.testng.reporters.JUnitReportReporter -->
<testsuite hostname="LAPTOP-AMES4L53" failures="0" tests="1" name="session03.Test_DeleteMethod" time="3.087" errors="0" timestamp="2024-09-19T12:54:37 IST" skipped="0">
  <testcase classname="session03.Test_DeleteMethod" name="test06" time="3.087"/>
  <system-out/>
</testsuite> <!-- session03.Test_DeleteMethod -->
